<?xml version="1.0" encoding="UTF-8"?>
<testsuite xmlns:xsi="http://www.w3.org/2001/XMLSchema-instance" xsi:noNamespaceSchemaLocation="https://maven.apache.org/surefire/maven-surefire-plugin/xsd/surefire-test-report-3.0.xsd" version="3.0" name="Resumo Mensal" time="44.276" tests="1" errors="0" skipped="0" failures="0">
  <properties>
    <property name="sun.desktop" value="windows"/>
    <property name="awt.toolkit" value="sun.awt.windows.WToolkit"/>
    <property name="file.encoding.pkg" value="sun.io"/>
    <property name="java.specification.version" value="1.8"/>
    <property name="sun.cpu.isalist" value="amd64"/>
    <property name="sun.jnu.encoding" value="Cp1252"/>
    <property name="java.class.path" value="C:\Users\hmb\Documents\Paralelismo\wmbr_sad_snf_tester\target\test-classes;C:\Users\hmb\Documents\Paralelismo\wmbr_sad_snf_tester\target\classes;C:\Users\hmb\.m2\repository\io\rest-assured\rest-assured\4.3.0\rest-assured-4.3.0.jar;C:\Users\hmb\.m2\repository\org\codehaus\groovy\groovy\3.0.2\groovy-3.0.2.jar;C:\Users\hmb\.m2\repository\org\codehaus\groovy\groovy-xml\3.0.2\groovy-xml-3.0.2.jar;C:\Users\hmb\.m2\repository\org\apache\httpcomponents\httpmime\4.5.3\httpmime-4.5.3.jar;C:\Users\hmb\.m2\repository\org\hamcrest\hamcrest\2.1\hamcrest-2.1.jar;C:\Users\hmb\.m2\repository\org\ccil\cowan\tagsoup\tagsoup\1.2.1\tagsoup-1.2.1.jar;C:\Users\hmb\.m2\repository\io\rest-assured\json-path\4.3.0\json-path-4.3.0.jar;C:\Users\hmb\.m2\repository\org\codehaus\groovy\groovy-json\3.0.2\groovy-json-3.0.2.jar;C:\Users\hmb\.m2\repository\io\rest-assured\rest-assured-common\4.3.0\rest-assured-common-4.3.0.jar;C:\Users\hmb\.m2\repository\io\rest-assured\xml-path\4.3.0\xml-path-4.3.0.jar;C:\Users\hmb\.m2\repository\jakarta\xml\bind\jakarta.xml.bind-api\2.3.2\jakarta.xml.bind-api-2.3.2.jar;C:\Users\hmb\.m2\repository\jakarta\activation\jakarta.activation-api\1.2.1\jakarta.activation-api-1.2.1.jar;C:\Users\hmb\.m2\repository\com\sun\xml\bind\jaxb-osgi\2.3.0.1\jaxb-osgi-2.3.0.1.jar;C:\Users\hmb\.m2\repository\org\apache\sling\org.apache.sling.javax.activation\0.1.0\org.apache.sling.javax.activation-0.1.0.jar;C:\Users\hmb\.m2\repository\org\apache\poi\poi\3.9\poi-3.9.jar;C:\Users\hmb\.m2\repository\commons-codec\commons-codec\1.5\commons-codec-1.5.jar;C:\Users\hmb\.m2\repository\org\apache\poi\poi-ooxml\3.9\poi-ooxml-3.9.jar;C:\Users\hmb\.m2\repository\org\apache\xmlbeans\xmlbeans\2.6.0\xmlbeans-2.6.0.jar;C:\Users\hmb\.m2\repository\stax\stax-api\1.0.1\stax-api-1.0.1.jar;C:\Users\hmb\.m2\repository\org\apache\poi\poi-ooxml-schemas\3.10-FINAL\poi-ooxml-schemas-3.10-FINAL.jar;C:\Users\hmb\.m2\repository\dom4j\dom4j\1.6.1\dom4j-1.6.1.jar;C:\Users\hmb\.m2\repository\xml-apis\xml-apis\1.0.b2\xml-apis-1.0.b2.jar;C:\Users\hmb\.m2\repository\javax\mail\mail\1.4.7\mail-1.4.7.jar;C:\Users\hmb\.m2\repository\javax\activation\activation\1.1\activation-1.1.jar;C:\Users\hmb\.m2\repository\io\cucumber\cucumber-junit\4.8.1\cucumber-junit-4.8.1.jar;C:\Users\hmb\.m2\repository\org\apiguardian\apiguardian-api\1.1.0\apiguardian-api-1.1.0.jar;C:\Users\hmb\.m2\repository\io\cucumber\cucumber-java\4.8.1\cucumber-java-4.8.1.jar;C:\Users\hmb\.m2\repository\io\cucumber\cucumber-core\4.8.1\cucumber-core-4.8.1.jar;C:\Users\hmb\.m2\repository\io\cucumber\gherkin\5.1.0\gherkin-5.1.0.jar;C:\Users\hmb\.m2\repository\io\cucumber\tag-expressions\1.1.1\tag-expressions-1.1.1.jar;C:\Users\hmb\.m2\repository\io\cucumber\cucumber-expressions\7.0.2\cucumber-expressions-7.0.2.jar;C:\Users\hmb\.m2\repository\io\cucumber\datatable\1.1.14\datatable-1.1.14.jar;C:\Users\hmb\.m2\repository\io\cucumber\datatable-dependencies\1.1.14\datatable-dependencies-1.1.14.jar;C:\Users\hmb\.m2\repository\io\cucumber\cucumber-picocontainer\4.8.1\cucumber-picocontainer-4.8.1.jar;C:\Users\hmb\.m2\repository\junit\junit\4.12\junit-4.12.jar;C:\Users\hmb\.m2\repository\org\hamcrest\hamcrest-core\1.3\hamcrest-core-1.3.jar;C:\Users\hmb\.m2\repository\net\sf\jasperreports\jasperreports\5.2.0\jasperreports-5.2.0.jar;C:\Users\hmb\.m2\repository\commons-beanutils\commons-beanutils\1.8.0\commons-beanutils-1.8.0.jar;C:\Users\hmb\.m2\repository\commons-collections\commons-collections\2.1\commons-collections-2.1.jar;C:\Users\hmb\.m2\repository\commons-digester\commons-digester\2.1\commons-digester-2.1.jar;C:\Users\hmb\.m2\repository\commons-logging\commons-logging\1.1.1\commons-logging-1.1.1.jar;C:\Users\hmb\.m2\repository\com\lowagie\itext\2.1.7.js2\itext-2.1.7.js2.jar;C:\Users\hmb\.m2\repository\bouncycastle\bcmail-jdk14\138\bcmail-jdk14-138.jar;C:\Users\hmb\.m2\repository\bouncycastle\bcprov-jdk14\138\bcprov-jdk14-138.jar;C:\Users\hmb\.m2\repository\org\bouncycastle\bctsp-jdk14\1.38\bctsp-jdk14-1.38.jar;C:\Users\hmb\.m2\repository\org\bouncycastle\bcprov-jdk14\1.38\bcprov-jdk14-1.38.jar;C:\Users\hmb\.m2\repository\org\bouncycastle\bcmail-jdk14\1.38\bcmail-jdk14-1.38.jar;C:\Users\hmb\.m2\repository\jfree\jcommon\1.0.15\jcommon-1.0.15.jar;C:\Users\hmb\.m2\repository\jfree\jfreechart\1.0.12\jfreechart-1.0.12.jar;C:\Users\hmb\.m2\repository\eclipse\jdtcore\3.1.0\jdtcore-3.1.0.jar;C:\Users\hmb\.m2\repository\org\codehaus\castor\castor\1.2\castor-1.2.jar;C:\Users\hmb\.m2\repository\com\fasterxml\jackson\core\jackson-core\2.0.5\jackson-core-2.0.5.jar;C:\Users\hmb\.m2\repository\com\fasterxml\jackson\core\jackson-databind\2.0.5\jackson-databind-2.0.5.jar;C:\Users\hmb\.m2\repository\com\fasterxml\jackson\core\jackson-annotations\2.0.5\jackson-annotations-2.0.5.jar;C:\Users\hmb\.m2\repository\com\codoid\products\fillo\1.16\fillo-1.16.jar;C:\Users\hmb\.m2\repository\com\github\javafaker\javafaker\0.16\javafaker-0.16.jar;C:\Users\hmb\.m2\repository\org\apache\commons\commons-lang3\3.5\commons-lang3-3.5.jar;C:\Users\hmb\.m2\repository\org\yaml\snakeyaml\1.20\snakeyaml-1.20-android.jar;C:\Users\hmb\.m2\repository\com\github\mifmif\generex\1.0.2\generex-1.0.2.jar;C:\Users\hmb\.m2\repository\dk\brics\automaton\automaton\1.11-8\automaton-1.11-8.jar;C:\Users\hmb\.m2\repository\com\rajatthareja\reportbuilder\1.0.3\reportbuilder-1.0.3.jar;C:\Users\hmb\.m2\repository\org\json\json\20180130\json-20180130.jar;C:\Users\hmb\.m2\repository\org\freemarker\freemarker\2.3.23\freemarker-2.3.23.jar;C:\Users\hmb\.m2\repository\org\seleniumhq\selenium\selenium-java\3.141.59\selenium-java-3.141.59.jar;C:\Users\hmb\.m2\repository\org\seleniumhq\selenium\selenium-api\3.141.59\selenium-api-3.141.59.jar;C:\Users\hmb\.m2\repository\org\seleniumhq\selenium\selenium-chrome-driver\3.141.59\selenium-chrome-driver-3.141.59.jar;C:\Users\hmb\.m2\repository\org\seleniumhq\selenium\selenium-edge-driver\3.141.59\selenium-edge-driver-3.141.59.jar;C:\Users\hmb\.m2\repository\org\seleniumhq\selenium\selenium-firefox-driver\3.141.59\selenium-firefox-driver-3.141.59.jar;C:\Users\hmb\.m2\repository\org\seleniumhq\selenium\selenium-ie-driver\3.141.59\selenium-ie-driver-3.141.59.jar;C:\Users\hmb\.m2\repository\org\seleniumhq\selenium\selenium-opera-driver\3.141.59\selenium-opera-driver-3.141.59.jar;C:\Users\hmb\.m2\repository\org\seleniumhq\selenium\selenium-remote-driver\3.141.59\selenium-remote-driver-3.141.59.jar;C:\Users\hmb\.m2\repository\org\seleniumhq\selenium\selenium-safari-driver\3.141.59\selenium-safari-driver-3.141.59.jar;C:\Users\hmb\.m2\repository\org\seleniumhq\selenium\selenium-support\3.141.59\selenium-support-3.141.59.jar;C:\Users\hmb\.m2\repository\net\bytebuddy\byte-buddy\1.8.15\byte-buddy-1.8.15.jar;C:\Users\hmb\.m2\repository\org\apache\commons\commons-exec\1.3\commons-exec-1.3.jar;C:\Users\hmb\.m2\repository\com\google\guava\guava\25.0-jre\guava-25.0-jre.jar;C:\Users\hmb\.m2\repository\com\google\code\findbugs\jsr305\1.3.9\jsr305-1.3.9.jar;C:\Users\hmb\.m2\repository\org\checkerframework\checker-compat-qual\2.0.0\checker-compat-qual-2.0.0.jar;C:\Users\hmb\.m2\repository\com\google\errorprone\error_prone_annotations\2.1.3\error_prone_annotations-2.1.3.jar;C:\Users\hmb\.m2\repository\com\google\j2objc\j2objc-annotations\1.1\j2objc-annotations-1.1.jar;C:\Users\hmb\.m2\repository\org\codehaus\mojo\animal-sniffer-annotations\1.14\animal-sniffer-annotations-1.14.jar;C:\Users\hmb\.m2\repository\com\squareup\okhttp3\okhttp\3.11.0\okhttp-3.11.0.jar;C:\Users\hmb\.m2\repository\com\squareup\okio\okio\1.14.0\okio-1.14.0.jar;C:\Users\hmb\.m2\repository\org\picocontainer\picocontainer\2.15\picocontainer-2.15.jar;C:\Users\hmb\.m2\repository\org\seleniumhq\selenium\selenium-server\3.141.59\selenium-server-3.141.59.jar;C:\Users\hmb\.m2\repository\com\beust\jcommander\1.72\jcommander-1.72.jar;C:\Users\hmb\.m2\repository\net\jcip\jcip-annotations\1.0\jcip-annotations-1.0.jar;C:\Users\hmb\.m2\repository\org\seleniumhq\selenium\jetty-repacked\9.4.12.v20180830\jetty-repacked-9.4.12.v20180830.jar;C:\Users\hmb\.m2\repository\javax\servlet\javax.servlet-api\3.1.0\javax.servlet-api-3.1.0.jar;C:\Users\hmb\.m2\repository\org\yaml\snakeyaml\1.19\snakeyaml-1.19.jar;C:\Users\hmb\.m2\repository\ru\yandex\qatools\ashot\ashot\1.4.12\ashot-1.4.12.jar;C:\Users\hmb\.m2\repository\com\google\code\gson\gson\2.2.4\gson-2.2.4.jar;C:\Users\hmb\.m2\repository\org\hamcrest\hamcrest-all\1.3\hamcrest-all-1.3.jar;C:\Users\hmb\.m2\repository\com\googlecode\lambdaj\lambdaj\2.3.3\lambdaj-2.3.3.jar;C:\Users\hmb\.m2\repository\org\objenesis\objenesis\1.2\objenesis-1.2.jar;C:\Users\hmb\.m2\repository\cglib\cglib-nodep\2.2\cglib-nodep-2.2.jar;C:\Users\hmb\.m2\repository\io\github\bonigarcia\webdrivermanager\3.7.1\webdrivermanager-3.7.1.jar;C:\Users\hmb\.m2\repository\org\slf4j\slf4j-api\1.7.25\slf4j-api-1.7.25.jar;C:\Users\hmb\.m2\repository\org\rauschig\jarchivelib\1.0.0\jarchivelib-1.0.0.jar;C:\Users\hmb\.m2\repository\org\apache\commons\commons-compress\1.18\commons-compress-1.18.jar;C:\Users\hmb\.m2\repository\org\jsoup\jsoup\1.11.3\jsoup-1.11.3.jar;C:\Users\hmb\.m2\repository\org\apache\httpcomponents\httpclient\4.5.6\httpclient-4.5.6.jar;C:\Users\hmb\.m2\repository\org\apache\httpcomponents\httpcore\4.4.10\httpcore-4.4.10.jar;C:\Users\hmb\.m2\repository\org\slf4j\slf4j-log4j12\1.7.26\slf4j-log4j12-1.7.26.jar;C:\Users\hmb\.m2\repository\log4j\log4j\1.2.17\log4j-1.2.17.jar;C:\Users\hmb\.m2\repository\commons-io\commons-io\2.6\commons-io-2.6.jar;"/>
    <property name="java.vm.vendor" value="Oracle Corporation"/>
    <property name="sun.arch.data.model" value="64"/>
    <property name="user.variant" value=""/>
    <property name="java.vendor.url" value="http://java.oracle.com/"/>
    <property name="user.timezone" value="America/Sao_Paulo"/>
    <property name="java.vm.specification.version" value="1.8"/>
    <property name="os.name" value="Windows 10"/>
    <property name="user.country" value="BR"/>
    <property name="sun.java.launcher" value="SUN_STANDARD"/>
    <property name="sun.boot.library.path" value="C:\Program Files\Java\jdk1.8.0_211\jre\bin"/>
    <property name="sun.java.command" value="C:\Users\hmb\AppData\Local\Temp\surefire5970620565909990207\surefirebooter4812059319935461993.jar C:\Users\hmb\AppData\Local\Temp\surefire5970620565909990207 2021-01-05T10-07-00_233-jvmRun1 surefire7514677461035608665tmp surefire_05694166148807944737tmp"/>
    <property name="surefire.test.class.path" value="C:\Users\hmb\Documents\Paralelismo\wmbr_sad_snf_tester\target\test-classes;C:\Users\hmb\Documents\Paralelismo\wmbr_sad_snf_tester\target\classes;C:\Users\hmb\.m2\repository\io\rest-assured\rest-assured\4.3.0\rest-assured-4.3.0.jar;C:\Users\hmb\.m2\repository\org\codehaus\groovy\groovy\3.0.2\groovy-3.0.2.jar;C:\Users\hmb\.m2\repository\org\codehaus\groovy\groovy-xml\3.0.2\groovy-xml-3.0.2.jar;C:\Users\hmb\.m2\repository\org\apache\httpcomponents\httpmime\4.5.3\httpmime-4.5.3.jar;C:\Users\hmb\.m2\repository\org\hamcrest\hamcrest\2.1\hamcrest-2.1.jar;C:\Users\hmb\.m2\repository\org\ccil\cowan\tagsoup\tagsoup\1.2.1\tagsoup-1.2.1.jar;C:\Users\hmb\.m2\repository\io\rest-assured\json-path\4.3.0\json-path-4.3.0.jar;C:\Users\hmb\.m2\repository\org\codehaus\groovy\groovy-json\3.0.2\groovy-json-3.0.2.jar;C:\Users\hmb\.m2\repository\io\rest-assured\rest-assured-common\4.3.0\rest-assured-common-4.3.0.jar;C:\Users\hmb\.m2\repository\io\rest-assured\xml-path\4.3.0\xml-path-4.3.0.jar;C:\Users\hmb\.m2\repository\jakarta\xml\bind\jakarta.xml.bind-api\2.3.2\jakarta.xml.bind-api-2.3.2.jar;C:\Users\hmb\.m2\repository\jakarta\activation\jakarta.activation-api\1.2.1\jakarta.activation-api-1.2.1.jar;C:\Users\hmb\.m2\repository\com\sun\xml\bind\jaxb-osgi\2.3.0.1\jaxb-osgi-2.3.0.1.jar;C:\Users\hmb\.m2\repository\org\apache\sling\org.apache.sling.javax.activation\0.1.0\org.apache.sling.javax.activation-0.1.0.jar;C:\Users\hmb\.m2\repository\org\apache\poi\poi\3.9\poi-3.9.jar;C:\Users\hmb\.m2\repository\commons-codec\commons-codec\1.5\commons-codec-1.5.jar;C:\Users\hmb\.m2\repository\org\apache\poi\poi-ooxml\3.9\poi-ooxml-3.9.jar;C:\Users\hmb\.m2\repository\org\apache\xmlbeans\xmlbeans\2.6.0\xmlbeans-2.6.0.jar;C:\Users\hmb\.m2\repository\stax\stax-api\1.0.1\stax-api-1.0.1.jar;C:\Users\hmb\.m2\repository\org\apache\poi\poi-ooxml-schemas\3.10-FINAL\poi-ooxml-schemas-3.10-FINAL.jar;C:\Users\hmb\.m2\repository\dom4j\dom4j\1.6.1\dom4j-1.6.1.jar;C:\Users\hmb\.m2\repository\xml-apis\xml-apis\1.0.b2\xml-apis-1.0.b2.jar;C:\Users\hmb\.m2\repository\javax\mail\mail\1.4.7\mail-1.4.7.jar;C:\Users\hmb\.m2\repository\javax\activation\activation\1.1\activation-1.1.jar;C:\Users\hmb\.m2\repository\io\cucumber\cucumber-junit\4.8.1\cucumber-junit-4.8.1.jar;C:\Users\hmb\.m2\repository\org\apiguardian\apiguardian-api\1.1.0\apiguardian-api-1.1.0.jar;C:\Users\hmb\.m2\repository\io\cucumber\cucumber-java\4.8.1\cucumber-java-4.8.1.jar;C:\Users\hmb\.m2\repository\io\cucumber\cucumber-core\4.8.1\cucumber-core-4.8.1.jar;C:\Users\hmb\.m2\repository\io\cucumber\gherkin\5.1.0\gherkin-5.1.0.jar;C:\Users\hmb\.m2\repository\io\cucumber\tag-expressions\1.1.1\tag-expressions-1.1.1.jar;C:\Users\hmb\.m2\repository\io\cucumber\cucumber-expressions\7.0.2\cucumber-expressions-7.0.2.jar;C:\Users\hmb\.m2\repository\io\cucumber\datatable\1.1.14\datatable-1.1.14.jar;C:\Users\hmb\.m2\repository\io\cucumber\datatable-dependencies\1.1.14\datatable-dependencies-1.1.14.jar;C:\Users\hmb\.m2\repository\io\cucumber\cucumber-picocontainer\4.8.1\cucumber-picocontainer-4.8.1.jar;C:\Users\hmb\.m2\repository\junit\junit\4.12\junit-4.12.jar;C:\Users\hmb\.m2\repository\org\hamcrest\hamcrest-core\1.3\hamcrest-core-1.3.jar;C:\Users\hmb\.m2\repository\net\sf\jasperreports\jasperreports\5.2.0\jasperreports-5.2.0.jar;C:\Users\hmb\.m2\repository\commons-beanutils\commons-beanutils\1.8.0\commons-beanutils-1.8.0.jar;C:\Users\hmb\.m2\repository\commons-collections\commons-collections\2.1\commons-collections-2.1.jar;C:\Users\hmb\.m2\repository\commons-digester\commons-digester\2.1\commons-digester-2.1.jar;C:\Users\hmb\.m2\repository\commons-logging\commons-logging\1.1.1\commons-logging-1.1.1.jar;C:\Users\hmb\.m2\repository\com\lowagie\itext\2.1.7.js2\itext-2.1.7.js2.jar;C:\Users\hmb\.m2\repository\bouncycastle\bcmail-jdk14\138\bcmail-jdk14-138.jar;C:\Users\hmb\.m2\repository\bouncycastle\bcprov-jdk14\138\bcprov-jdk14-138.jar;C:\Users\hmb\.m2\repository\org\bouncycastle\bctsp-jdk14\1.38\bctsp-jdk14-1.38.jar;C:\Users\hmb\.m2\repository\org\bouncycastle\bcprov-jdk14\1.38\bcprov-jdk14-1.38.jar;C:\Users\hmb\.m2\repository\org\bouncycastle\bcmail-jdk14\1.38\bcmail-jdk14-1.38.jar;C:\Users\hmb\.m2\repository\jfree\jcommon\1.0.15\jcommon-1.0.15.jar;C:\Users\hmb\.m2\repository\jfree\jfreechart\1.0.12\jfreechart-1.0.12.jar;C:\Users\hmb\.m2\repository\eclipse\jdtcore\3.1.0\jdtcore-3.1.0.jar;C:\Users\hmb\.m2\repository\org\codehaus\castor\castor\1.2\castor-1.2.jar;C:\Users\hmb\.m2\repository\com\fasterxml\jackson\core\jackson-core\2.0.5\jackson-core-2.0.5.jar;C:\Users\hmb\.m2\repository\com\fasterxml\jackson\core\jackson-databind\2.0.5\jackson-databind-2.0.5.jar;C:\Users\hmb\.m2\repository\com\fasterxml\jackson\core\jackson-annotations\2.0.5\jackson-annotations-2.0.5.jar;C:\Users\hmb\.m2\repository\com\codoid\products\fillo\1.16\fillo-1.16.jar;C:\Users\hmb\.m2\repository\com\github\javafaker\javafaker\0.16\javafaker-0.16.jar;C:\Users\hmb\.m2\repository\org\apache\commons\commons-lang3\3.5\commons-lang3-3.5.jar;C:\Users\hmb\.m2\repository\org\yaml\snakeyaml\1.20\snakeyaml-1.20-android.jar;C:\Users\hmb\.m2\repository\com\github\mifmif\generex\1.0.2\generex-1.0.2.jar;C:\Users\hmb\.m2\repository\dk\brics\automaton\automaton\1.11-8\automaton-1.11-8.jar;C:\Users\hmb\.m2\repository\com\rajatthareja\reportbuilder\1.0.3\reportbuilder-1.0.3.jar;C:\Users\hmb\.m2\repository\org\json\json\20180130\json-20180130.jar;C:\Users\hmb\.m2\repository\org\freemarker\freemarker\2.3.23\freemarker-2.3.23.jar;C:\Users\hmb\.m2\repository\org\seleniumhq\selenium\selenium-java\3.141.59\selenium-java-3.141.59.jar;C:\Users\hmb\.m2\repository\org\seleniumhq\selenium\selenium-api\3.141.59\selenium-api-3.141.59.jar;C:\Users\hmb\.m2\repository\org\seleniumhq\selenium\selenium-chrome-driver\3.141.59\selenium-chrome-driver-3.141.59.jar;C:\Users\hmb\.m2\repository\org\seleniumhq\selenium\selenium-edge-driver\3.141.59\selenium-edge-driver-3.141.59.jar;C:\Users\hmb\.m2\repository\org\seleniumhq\selenium\selenium-firefox-driver\3.141.59\selenium-firefox-driver-3.141.59.jar;C:\Users\hmb\.m2\repository\org\seleniumhq\selenium\selenium-ie-driver\3.141.59\selenium-ie-driver-3.141.59.jar;C:\Users\hmb\.m2\repository\org\seleniumhq\selenium\selenium-opera-driver\3.141.59\selenium-opera-driver-3.141.59.jar;C:\Users\hmb\.m2\repository\org\seleniumhq\selenium\selenium-remote-driver\3.141.59\selenium-remote-driver-3.141.59.jar;C:\Users\hmb\.m2\repository\org\seleniumhq\selenium\selenium-safari-driver\3.141.59\selenium-safari-driver-3.141.59.jar;C:\Users\hmb\.m2\repository\org\seleniumhq\selenium\selenium-support\3.141.59\selenium-support-3.141.59.jar;C:\Users\hmb\.m2\repository\net\bytebuddy\byte-buddy\1.8.15\byte-buddy-1.8.15.jar;C:\Users\hmb\.m2\repository\org\apache\commons\commons-exec\1.3\commons-exec-1.3.jar;C:\Users\hmb\.m2\repository\com\google\guava\guava\25.0-jre\guava-25.0-jre.jar;C:\Users\hmb\.m2\repository\com\google\code\findbugs\jsr305\1.3.9\jsr305-1.3.9.jar;C:\Users\hmb\.m2\repository\org\checkerframework\checker-compat-qual\2.0.0\checker-compat-qual-2.0.0.jar;C:\Users\hmb\.m2\repository\com\google\errorprone\error_prone_annotations\2.1.3\error_prone_annotations-2.1.3.jar;C:\Users\hmb\.m2\repository\com\google\j2objc\j2objc-annotations\1.1\j2objc-annotations-1.1.jar;C:\Users\hmb\.m2\repository\org\codehaus\mojo\animal-sniffer-annotations\1.14\animal-sniffer-annotations-1.14.jar;C:\Users\hmb\.m2\repository\com\squareup\okhttp3\okhttp\3.11.0\okhttp-3.11.0.jar;C:\Users\hmb\.m2\repository\com\squareup\okio\okio\1.14.0\okio-1.14.0.jar;C:\Users\hmb\.m2\repository\org\picocontainer\picocontainer\2.15\picocontainer-2.15.jar;C:\Users\hmb\.m2\repository\org\seleniumhq\selenium\selenium-server\3.141.59\selenium-server-3.141.59.jar;C:\Users\hmb\.m2\repository\com\beust\jcommander\1.72\jcommander-1.72.jar;C:\Users\hmb\.m2\repository\net\jcip\jcip-annotations\1.0\jcip-annotations-1.0.jar;C:\Users\hmb\.m2\repository\org\seleniumhq\selenium\jetty-repacked\9.4.12.v20180830\jetty-repacked-9.4.12.v20180830.jar;C:\Users\hmb\.m2\repository\javax\servlet\javax.servlet-api\3.1.0\javax.servlet-api-3.1.0.jar;C:\Users\hmb\.m2\repository\org\yaml\snakeyaml\1.19\snakeyaml-1.19.jar;C:\Users\hmb\.m2\repository\ru\yandex\qatools\ashot\ashot\1.4.12\ashot-1.4.12.jar;C:\Users\hmb\.m2\repository\com\google\code\gson\gson\2.2.4\gson-2.2.4.jar;C:\Users\hmb\.m2\repository\org\hamcrest\hamcrest-all\1.3\hamcrest-all-1.3.jar;C:\Users\hmb\.m2\repository\com\googlecode\lambdaj\lambdaj\2.3.3\lambdaj-2.3.3.jar;C:\Users\hmb\.m2\repository\org\objenesis\objenesis\1.2\objenesis-1.2.jar;C:\Users\hmb\.m2\repository\cglib\cglib-nodep\2.2\cglib-nodep-2.2.jar;C:\Users\hmb\.m2\repository\io\github\bonigarcia\webdrivermanager\3.7.1\webdrivermanager-3.7.1.jar;C:\Users\hmb\.m2\repository\org\slf4j\slf4j-api\1.7.25\slf4j-api-1.7.25.jar;C:\Users\hmb\.m2\repository\org\rauschig\jarchivelib\1.0.0\jarchivelib-1.0.0.jar;C:\Users\hmb\.m2\repository\org\apache\commons\commons-compress\1.18\commons-compress-1.18.jar;C:\Users\hmb\.m2\repository\org\jsoup\jsoup\1.11.3\jsoup-1.11.3.jar;C:\Users\hmb\.m2\repository\org\apache\httpcomponents\httpclient\4.5.6\httpclient-4.5.6.jar;C:\Users\hmb\.m2\repository\org\apache\httpcomponents\httpcore\4.4.10\httpcore-4.4.10.jar;C:\Users\hmb\.m2\repository\org\slf4j\slf4j-log4j12\1.7.26\slf4j-log4j12-1.7.26.jar;C:\Users\hmb\.m2\repository\log4j\log4j\1.2.17\log4j-1.2.17.jar;C:\Users\hmb\.m2\repository\commons-io\commons-io\2.6\commons-io-2.6.jar;"/>
    <property name="sun.cpu.endian" value="little"/>
    <property name="user.home" value="C:\Users\hmb"/>
    <property name="user.language" value="pt"/>
    <property name="java.specification.vendor" value="Oracle Corporation"/>
    <property name="java.home" value="C:\Program Files\Java\jdk1.8.0_211\jre"/>
    <property name="basedir" value="C:\Users\hmb\Documents\Paralelismo\wmbr_sad_snf_tester"/>
    <property name="file.separator" value="\"/>
    <property name="line.separator" value="&#10;"/>
    <property name="java.vm.specification.vendor" value="Oracle Corporation"/>
    <property name="java.specification.name" value="Java Platform API Specification"/>
    <property name="java.awt.graphicsenv" value="sun.awt.Win32GraphicsEnvironment"/>
    <property name="surefire.real.class.path" value="C:\Users\hmb\AppData\Local\Temp\surefire5970620565909990207\surefirebooter4812059319935461993.jar"/>
    <property name="sun.boot.class.path" value="C:\Program Files\Java\jdk1.8.0_211\jre\lib\resources.jar;C:\Program Files\Java\jdk1.8.0_211\jre\lib\rt.jar;C:\Program Files\Java\jdk1.8.0_211\jre\lib\sunrsasign.jar;C:\Program Files\Java\jdk1.8.0_211\jre\lib\jsse.jar;C:\Program Files\Java\jdk1.8.0_211\jre\lib\jce.jar;C:\Program Files\Java\jdk1.8.0_211\jre\lib\charsets.jar;C:\Program Files\Java\jdk1.8.0_211\jre\lib\jfr.jar;C:\Program Files\Java\jdk1.8.0_211\jre\classes"/>
    <property name="user.script" value=""/>
    <property name="sun.management.compiler" value="HotSpot 64-Bit Tiered Compilers"/>
    <property name="java.runtime.version" value="1.8.0_211-b12"/>
    <property name="user.name" value="hmb"/>
    <property name="path.separator" value=";"/>
    <property name="os.version" value="10.0"/>
    <property name="java.endorsed.dirs" value="C:\Program Files\Java\jdk1.8.0_211\jre\lib\endorsed"/>
    <property name="java.runtime.name" value="Java(TM) SE Runtime Environment"/>
    <property name="file.encoding" value="Cp1252"/>
    <property name="java.vm.name" value="Java HotSpot(TM) 64-Bit Server VM"/>
    <property name="localRepository" value="C:\Users\hmb\.m2\repository"/>
    <property name="java.vendor.url.bug" value="http://bugreport.sun.com/bugreport/"/>
    <property name="java.io.tmpdir" value="C:\Users\hmb\AppData\Local\Temp\"/>
    <property name="java.version" value="1.8.0_211"/>
    <property name="user.dir" value="C:\Users\hmb\Documents\Paralelismo\wmbr_sad_snf_tester"/>
    <property name="os.arch" value="amd64"/>
    <property name="java.vm.specification.name" value="Java Virtual Machine Specification"/>
    <property name="java.awt.printerjob" value="sun.awt.windows.WPrinterJob"/>
    <property name="sun.os.patch.level" value=""/>
    <property name="java.library.path" value="C:\Program Files\Java\jdk1.8.0_211\jre\bin;C:\WINDOWS\Sun\Java\bin;C:\WINDOWS\system32;C:\WINDOWS;C:/Program Files/Java/jre1.8.0_271/bin/server;C:/Program Files/Java/jre1.8.0_271/bin;C:/Program Files/Java/jre1.8.0_271/lib/amd64;C:\Program Files (x86)\Common Files\Oracle\Java\javapath;C:\WINDOWS\system32;C:\WINDOWS;C:\WINDOWS\System32\Wbem;C:\WINDOWS\System32\WindowsPowerShell\v1.0\;C:\WINDOWS\System32\OpenSSH\;C:\maven\apache-maven-3.6.1\bin;C:\Program Files\MySQL\MySQL Utilities 1.6\;C:\Program Files\Git\cmd;C:\Program Files\nodejs\;C:\Program Files\Docker\Docker\resources\bin;C:\ProgramData\DockerDesktop\version-bin;C:\Users\hmb\AppData\Local\Microsoft\WindowsApps;C:\Program Files\Java\jdk1.8.0_211\bin;C:\Users\hmb\AppData\Local\Microsoft\WindowsApps;C:\Users\hmb\AppData\Roaming\npm;C:\Users\hmb\AppData\Local\Programs\Microsoft VS Code\bin;C:\Users\hmb\Desktop;;."/>
    <property name="java.vm.info" value="mixed mode"/>
    <property name="java.vendor" value="Oracle Corporation"/>
    <property name="java.vm.version" value="25.211-b12"/>
    <property name="java.ext.dirs" value="C:\Program Files\Java\jdk1.8.0_211\jre\lib\ext;C:\WINDOWS\Sun\Java\lib\ext"/>
    <property name="sun.io.unicode.encoding" value="UnicodeLittle"/>
    <property name="java.class.version" value="52.0"/>
  </properties>
  <testcase name="0017 - Deletar Movimentacao na tela Resumo Mensal" classname="Resumo Mensal" time="44.276">
    <system-out><![CDATA[jan 05, 2021 10:07:03 AM cucumber.runtime.java.ObjectFactoryLoader loadSingleObjectFactory
INFORMAÇÕES: Loading ObjectFactory via service loader: io.cucumber.picocontainer.PicoFactory

jan 05, 2021 10:07:03 AM cucumber.runtime.java.ObjectFactoryLoader loadSingleObjectFactory
INFORMAÇÕES: Loading ObjectFactory via service loader: io.cucumber.picocontainer.PicoFactory

jan 05, 2021 10:07:03 AM cucumber.runtime.java.ObjectFactoryLoader loadSingleObjectFactory
INFORMAÇÕES: Loading ObjectFactory via service loader: io.cucumber.picocontainer.PicoFactory

jan 05, 2021 10:07:03 AM cucumber.runtime.java.ObjectFactoryLoader loadSingleObjectFactory
INFORMAÇÕES: Loading ObjectFactory via service loader: io.cucumber.picocontainer.PicoFactory

jan 05, 2021 10:07:03 AM cucumber.runtime.java.ObjectFactoryLoader loadSingleObjectFactory
INFORMAÇÕES: Loading ObjectFactory via service loader: io.cucumber.picocontainer.PicoFactory

jan 05, 2021 10:07:03 AM cucumber.runtime.java.ObjectFactoryLoader loadSingleObjectFactory
INFORMAÇÕES: Loading ObjectFactory via service loader: io.cucumber.picocontainer.PicoFactory

jan 05, 2021 10:07:03 AM cucumber.runtime.java.ObjectFactoryLoader loadSingleObjectFactory
INFORMAÇÕES: Loading ObjectFactory via service loader: io.cucumber.picocontainer.PicoFactory

@CriarConta

Funcionalidade: Criar Conta



  @CriarConta @SENHORBARRIGA009 @web

  Cenario: 0009 - Validar criacao de Nova Conta com Sucesso                                   # src/test/resources/Features/SNF/CriarConta.feature:9

    Dado que Logado na Pagina do Senhor Barriga                                               # LoginStep.queLogadoNaPaginaDoSenhorBarriga()

    E estou executando o teste                                                                # ParametrosEvidenciaSteps.estouExecutandoOTeste(DataTable)

    E acesso a pagina Adicionar Conta                                                         # CriarContaStep.acessoAPaginaAdicionarConta()

      org.openqa.selenium.ElementNotInteractableException: element not interactable
  (Session info: chrome=79.0.3945.117)
Build info: version: '3.141.59', revision: 'e82be7d358', time: '2018-11-14T08:17:03'
System info: host: 'NBPITANG-207', ip: '192.168.0.108', os.name: 'Windows 10', os.arch: 'amd64', os.version: '10.0', java.version: '1.8.0_211'
Driver info: org.openqa.selenium.remote.RemoteWebDriver
Capabilities {acceptInsecureCerts: false, browserName: chrome, browserVersion: 79.0.3945.117, chrome: {chromedriverVersion: 79.0.3945.36 (3582db32b3389..., userDataDir: /tmp/.com.google.Chrome.igEhRj}, goog:chromeOptions: {debuggerAddress: localhost:34755}, javascriptEnabled: true, networkConnectionEnabled: false, pageLoadStrategy: normal, platform: LINUX, platformName: LINUX, proxy: Proxy(), setWindowRect: true, strictFileInteractability: false, timeouts: {implicit: 0, pageLoad: 300000, script: 30000}, unhandledPromptBehavior: dismiss and notify, webdriver.remote.sessionid: c10dbbfc884c2c4d073caa01b3d...}
Session ID: c10dbbfc884c2c4d073caa01b3d2b802
	at sun.reflect.NativeConstructorAccessorImpl.newInstance0(Native Method)
	at sun.reflect.NativeConstructorAccessorImpl.newInstance(NativeConstructorAccessorImpl.java:62)
	at sun.reflect.DelegatingConstructorAccessorImpl.newInstance(DelegatingConstructorAccessorImpl.java:45)
	at java.lang.reflect.Constructor.newInstance(Constructor.java:423)
	at org.openqa.selenium.remote.http.W3CHttpResponseCodec.createException(W3CHttpResponseCodec.java:187)
	at org.openqa.selenium.remote.http.W3CHttpResponseCodec.decode(W3CHttpResponseCodec.java:122)
	at org.openqa.selenium.remote.http.W3CHttpResponseCodec.decode(W3CHttpResponseCodec.java:49)
	at org.openqa.selenium.remote.HttpCommandExecutor.execute(HttpCommandExecutor.java:158)
	at org.openqa.selenium.remote.RemoteWebDriver.execute(RemoteWebDriver.java:552)
	at org.openqa.selenium.remote.RemoteWebElement.execute(RemoteWebElement.java:285)
	at org.openqa.selenium.remote.RemoteWebElement.click(RemoteWebElement.java:84)
	at sun.reflect.GeneratedMethodAccessor8.invoke(Unknown Source)
	at sun.reflect.DelegatingMethodAccessorImpl.invoke(DelegatingMethodAccessorImpl.java:43)
	at java.lang.reflect.Method.invoke(Method.java:498)
	at org.openqa.selenium.support.pagefactory.internal.LocatingElementHandler.invoke(LocatingElementHandler.java:51)
	at com.sun.proxy.$Proxy18.click(Unknown Source)
	at web.funcionalidade.HomeFuncionalidade.acessarAdicionarConta(HomeFuncionalidade.java:31)
	at web.steps.CriarContaStep.acessoAPaginaAdicionarConta(CriarContaStep.java:25)
	at ?.acesso a pagina Adicionar Conta(file:src/test/resources/Features/SNF/CriarConta.feature:14)


    E preencho o campo Nome com novo valor                                                    # CriarContaStep.preenchoCampoNomeComNovoValor()

    Quando clico no Botao Salvar                                                              # CriarContaStep.clicoNoBotaoSalvar()

    Entao sistem exibi a mensagen "Conta adicionada com sucesso!"  na tela de Adicionar Conta # CriarContaStep.sistemExibiAMensagenNaTelaDeAdicionarConta(String)



  @CriarConta @SENHORBARRIGA010 @web

  Cenario: 0010 - Validar criacao de Nova Conta com Nome já existente                              # src/test/resources/Features/SNF/CriarConta.feature:20

    Dado que Logado na Pagina do Senhor Barriga                                                    # LoginStep.queLogadoNaPaginaDoSenhorBarriga()

    E estou executando o teste                                                                     # ParametrosEvidenciaSteps.estouExecutandoOTeste(DataTable)

    E acesso a pagina Adicionar Conta                                                              # CriarContaStep.acessoAPaginaAdicionarConta()

    E tenho uma conta já criada                                                                    # CriarContaStep.tenhoUmaContaJaCriada()

    E preencho o campo nome com valor já criado                                                    # CriarContaStep.preenchoCampoNomeComValorJaCriado()

    Quando clico no Botao Salvar                                                                   # CriarContaStep.clicoNoBotaoSalvar()

    Entao sistem exibi a mensagen "Já existe uma conta com esse nome!"  na tela de Adicionar Conta # CriarContaStep.sistemExibiAMensagenNaTelaDeAdicionarConta(String)



  @CriarConta @SENHORBARRIGA011 @web

  Cenario: 0011 - Validar criacao de Nova Conta sem preencher o Campo Nome              # src/test/resources/Features/SNF/CriarConta.feature:32

    Dado que Logado na Pagina do Senhor Barriga                                         # LoginStep.queLogadoNaPaginaDoSenhorBarriga()

    E estou executando o teste                                                          # ParametrosEvidenciaSteps.estouExecutandoOTeste(DataTable)

    E acesso a pagina Adicionar Conta                                                   # CriarContaStep.acessoAPaginaAdicionarConta()

    Quando clico no Botao Salvar                                                        # CriarContaStep.clicoNoBotaoSalvar()

    Entao sistem exibi a mensagen "Informe o nome da conta"  na tela de Adicionar Conta # CriarContaStep.sistemExibiAMensagenNaTelaDeAdicionarConta(String)



  @CriarConta @SENHORBARRIGA012 @web

  Cenario: 0012 - Validar acao de Deletar Contana tela de Adicionar Conta                   # src/test/resources/Features/SNF/CriarConta.feature:42

    Dado que Logado na Pagina do Senhor Barriga                                             # LoginStep.queLogadoNaPaginaDoSenhorBarriga()

    E estou executando o teste                                                              # ParametrosEvidenciaSteps.estouExecutandoOTeste(DataTable)

    E acesso a pagina Adicionar Conta                                                       # CriarContaStep.acessoAPaginaAdicionarConta()

    E tenho uma conta já criada                                                             # CriarContaStep.tenhoUmaContaJaCriada()

    Quando clico no Botao Deletar Conta                                                     # CriarContaStep.clicoNoBotaoDeletarConta()

    Entao sistem exibi a mensagen "Conta removida com sucesso!"  na tela de Adicionar Conta # CriarContaStep.sistemExibiAMensagenNaTelaDeAdicionarConta(String)



@CriarMovimentacao

Funcionalidade: Criar Movimentacao



  @CriarMovimentacao @SENHORBARRIGA013 @web

  Cenario: 0013 - Criar Movimentacao com Sucesso                                                        # src/test/resources/Features/SNF/CriarMovimentacao.feature:9

    Dado que Logado na Pagina do Senhor Barriga                                                         # LoginStep.queLogadoNaPaginaDoSenhorBarriga()

    E estou executando o teste                                                                          # ParametrosEvidenciaSteps.estouExecutandoOTeste(DataTable)

    E acesso a pagina Adicionar Conta                                                                   # CriarContaStep.acessoAPaginaAdicionarConta()

    E tenho uma conta já criada                                                                         # CriarContaStep.tenhoUmaContaJaCriada()

    Quando crio uma Movimentacao                                                                        # CriarMovimentacaoStep.crioUmaMovimentacao()

    Entao sistem exibi a mensagen "Movimentação adicionada com sucesso!"  na tela de Criar Movimentacao # CriarMovimentacaoStep.sistemExibiAMensagenNaTelaDeCriarMovimentacao(String)



  @CriarMovimentacao @SENHORBARRIGA014 @web

  Cenario: 0014 - Obrigatoriedade do campo 'Data da Movimentação'                                     # src/test/resources/Features/SNF/CriarMovimentacao.feature:20

    Dado que Logado na Pagina do Senhor Barriga                                                       # LoginStep.queLogadoNaPaginaDoSenhorBarriga()

    E estou executando o teste                                                                        # ParametrosEvidenciaSteps.estouExecutandoOTeste(DataTable)

    E acesso a pagina Adicionar Conta                                                                 # CriarContaStep.acessoAPaginaAdicionarConta()

    E tenho uma conta já criada                                                                       # CriarContaStep.tenhoUmaContaJaCriada()

    Quando crio uma Movimentacao sem o campo Data Movimentacao                                        # CriarMovimentacaoStep.movimentacaoSemCampoDataMovimentacao()

    Entao sistem exibi a mensagen "Data da Movimentação é obrigatório"  na tela de Criar Movimentacao # CriarMovimentacaoStep.sistemExibiAMensagenNaTelaDeCriarMovimentacao(String)



  @CriarMovimentacao @SENHORBARRIGA015 @web

  Cenario: 0015 - Obrigatoriedade do campo 'Data do Pagamento'                                     # src/test/resources/Features/SNF/CriarMovimentacao.feature:31

    Dado que Logado na Pagina do Senhor Barriga                                                    # LoginStep.queLogadoNaPaginaDoSenhorBarriga()

    E estou executando o teste                                                                     # ParametrosEvidenciaSteps.estouExecutandoOTeste(DataTable)

    E acesso a pagina Adicionar Conta                                                              # CriarContaStep.acessoAPaginaAdicionarConta()

    E tenho uma conta já criada                                                                    # CriarContaStep.tenhoUmaContaJaCriada()

    Quando crio uma Movimentacao sem o campo Data do Pagamento                                     # CriarMovimentacaoStep.movimentacaoSemCampoDataDoPagamento()

    Entao sistem exibi a mensagen "Data do pagamento é obrigatório"  na tela de Criar Movimentacao # CriarMovimentacaoStep.sistemExibiAMensagenNaTelaDeCriarMovimentacao(String)



  @CriarMovimentacao @SENHORBARRIGA016 @web

  Cenario: 0016 - Obrigatoriedade do campo 'Valor'                                      # src/test/resources/Features/SNF/CriarMovimentacao.feature:42

    Dado que Logado na Pagina do Senhor Barriga                                         # LoginStep.queLogadoNaPaginaDoSenhorBarriga()

    E estou executando o teste                                                          # ParametrosEvidenciaSteps.estouExecutandoOTeste(DataTable)

    E acesso a pagina Adicionar Conta                                                   # CriarContaStep.acessoAPaginaAdicionarConta()

    E tenho uma conta já criada                                                         # CriarContaStep.tenhoUmaContaJaCriada()

    Quando crio uma Movimentacao sem o campo Valor                                      # CriarMovimentacaoStep.movimentacaoSemCampoValor()

    Entao sistema exibi as mensagens "Valor é obrigatório" e "Valor deve ser um número" # CriarMovimentacaoStep.sistemaExibiAsMensagensE(String,String)



@CriarNovoUsuario

Funcionalidade: Criar Novo Usuario



  @CriarNovoUsuario @SENHORBARRIGA005 @web

  Cenario: 0005 - Validar criacao de Novo Usuario preenchenco somente o campo Nome                                          # src/test/resources/Features/SNF/CriarNovoUsuario.feature:9

    Dado que estou na pagina de Login do Senhor Barriga                                                                     # LoginStep.queEstouLogadoNoSNFComUsuario()

    E estou executando o teste                                                                                              # ParametrosEvidenciaSteps.estouExecutandoOTeste(DataTable)

    E acesso a pagina Novo Usuario                                                                                          # NovoUsuarioStep.acessoAPaginaNovoUsuario()

    E preencho somente o campo "Nome" com o valor "Jose"                                                                    # NovoUsuarioStep.preenchoSomenteCampoComValor(String,String)

    Quando clico no Botao Cadastrar                                                                                         # NovoUsuarioStep.clicarBotaoCadastrar()

    Entao sistem exibi as mensagens "Email é um campo obrigatório" e "Senha é um campo obrigatório" na tela de Novo Usuario # NovoUsuarioStep.sistemExibiAsMensagensENaTelaDeNovoUsuario(String,String)



  @CriarNovoUsuario @SENHORBARRIGA006 @web

  Cenario: 0006 - Validar criacao de Novo Usuario preenchenco somente o campo Email                                        # src/test/resources/Features/SNF/CriarNovoUsuario.feature:20

    Dado que estou na pagina de Login do Senhor Barriga                                                                    # LoginStep.queEstouLogadoNoSNFComUsuario()

    E estou executando o teste                                                                                             # ParametrosEvidenciaSteps.estouExecutandoOTeste(DataTable)

    E acesso a pagina Novo Usuario                                                                                         # NovoUsuarioStep.acessoAPaginaNovoUsuario()

    E preencho somente o campo "Email" com o valor "Jose@Jose"                                                             # NovoUsuarioStep.preenchoSomenteCampoComValor(String,String)

    Quando clico no Botao Cadastrar                                                                                        # NovoUsuarioStep.clicarBotaoCadastrar()

    Entao sistem exibi as mensagens "Nome é um campo obrigatório" e "Senha é um campo obrigatório" na tela de Novo Usuario # NovoUsuarioStep.sistemExibiAsMensagensENaTelaDeNovoUsuario(String,String)



  @CriarNovoUsuario @SENHORBARRIGA007 @web

  Cenario: 0007 - Validar criacao de Novo Usuario preenchenco somente o campo Senha                                        # src/test/resources/Features/SNF/CriarNovoUsuario.feature:31

    Dado que estou na pagina de Login do Senhor Barriga                                                                    # LoginStep.queEstouLogadoNoSNFComUsuario()

    E estou executando o teste                                                                                             # ParametrosEvidenciaSteps.estouExecutandoOTeste(DataTable)

    E acesso a pagina Novo Usuario                                                                                         # NovoUsuarioStep.acessoAPaginaNovoUsuario()

    E preencho somente o campo "Senha" com o valor "Jose"                                                                  # NovoUsuarioStep.preenchoSomenteCampoComValor(String,String)

    Quando clico no Botao Cadastrar                                                                                        # NovoUsuarioStep.clicarBotaoCadastrar()

    Entao sistem exibi as mensagens "Nome é um campo obrigatório" e "Email é um campo obrigatório" na tela de Novo Usuario # NovoUsuarioStep.sistemExibiAsMensagensENaTelaDeNovoUsuario(String,String)



  @CriarNovoUsuario @SENHORBARRIGA008 @web

  Cenario: 0008 - Validar criacao de Novo Usuario com Sucesso                                 # src/test/resources/Features/SNF/CriarNovoUsuario.feature:42

    Dado que estou na pagina de Login do Senhor Barriga                                       # LoginStep.queEstouLogadoNoSNFComUsuario()

    E estou executando o teste                                                                # ParametrosEvidenciaSteps.estouExecutandoOTeste(DataTable)

    E acesso a pagina Novo Usuario                                                            # NovoUsuarioStep.acessoAPaginaNovoUsuario()

    E preencho os campos "Nome", "Email" e "Senha" com os valore "Jose", "Jose@Jose" e "Jose" # NovoUsuarioStep.preenchoCamposComValore(String,String,String,String,String,String)

    Quando clico no Botao Cadastrar                                                           # NovoUsuarioStep.clicarBotaoCadastrar()

    Entao sistem exibi a mensagen "Usuário inserido com sucesso"  na tela de Novo Usuario     # NovoUsuarioStep.validarExibicaoMensagem(String)



Funcionalidade: Home Site do Senhor Barriga



  @SENHORBARRIGA018 @web

  Cenario: 0018 - Validar o valor do Saldo na tela Home da Aplicação                   # src/test/resources/Features/SNF/Home.feature:8

    Dado que Logado na Pagina do Senhor Barriga                                        # LoginStep.queLogadoNaPaginaDoSenhorBarriga()

    E estou executando o teste                                                         # ParametrosEvidenciaSteps.estouExecutandoOTeste(DataTable)

    E acesso a pagina Adicionar Conta                                                  # CriarContaStep.acessoAPaginaAdicionarConta()

    E tenho uma conta já criada                                                        # CriarContaStep.tenhoUmaContaJaCriada()

    E crio uma Movimentacao                                                            # CriarMovimentacaoStep.crioUmaMovimentacao()

      org.openqa.selenium.NoSuchElementException: Cannot locate element with text: Sedrick
For documentation on this error, please visit: https://www.seleniumhq.org/exceptions/no_such_element.html
Build info: version: '3.141.59', revision: 'e82be7d358', time: '2018-11-14T08:17:03'
System info: host: 'NBPITANG-207', ip: '192.168.0.108', os.name: 'Windows 10', os.arch: 'amd64', os.version: '10.0', java.version: '1.8.0_211'
Driver info: driver.version: unknown
	at org.openqa.selenium.support.ui.Select.selectByVisibleText(Select.java:147)
	at web.funcionalidade.CriarMovimentacaoFuncionalidade.selecionarConta(CriarMovimentacaoFuncionalidade.java:42)
	at web.funcionalidade.CriarMovimentacaoFuncionalidade.criarMovimentacao(CriarMovimentacaoFuncionalidade.java:54)
	at web.steps.CriarMovimentacaoStep.crioUmaMovimentacao(CriarMovimentacaoStep.java:19)
	at ?.crio uma Movimentacao(file:src/test/resources/Features/SNF/Home.feature:15)


    Quando acesso a tela Home da Aplicacao                                             # HomeStep.acessarTelaHome()

    Entao sistema exibi o valor do Saldo igual ao utilizado na criacao da Movimentacao # HomeStep.validarValorSaldoTelaHome()



@Login

Funcionalidade: Pagina de Login



  @Login @SENHORBARRIGA001 @web

  Cenario: 0001 - Validar autenticacao com sucesso no Site # src/test/resources/Features/SNF/Login.feature:9

    Dado que estou na pagina de Login do Senhor Barriga    # LoginStep.queEstouLogadoNoSNFComUsuario()

    E estou executando o teste                             # ParametrosEvidenciaSteps.estouExecutandoOTeste(DataTable)

    E digito usuario "h@h" e Senha "h"                     # LoginStep.digitoUsuarioESenha(String,String)

    Quando clico no Botao Entrar                           # LoginStep.clicoNoBotaoEntrar()

    Entao sistem exibi a mensagem "Bem vindo, Hilario!"    # LoginStep.sistemExibiAMensagem(String)



  @Login @SENHORBARRIGA002 @web

  Cenario: 0002 - Validar Obrigatóriedade do campo Email na tela de Login          # src/test/resources/Features/SNF/Login.feature:19

    Dado que estou na pagina de Login do Senhor Barriga                            # LoginStep.queEstouLogadoNoSNFComUsuario()

    E estou executando o teste                                                     # ParametrosEvidenciaSteps.estouExecutandoOTeste(DataTable)

    E preencho somente o valor Senha "h"                                           # LoginStep.preenchoSomenteOValorSenha(String)

    Quando clico no Botao Entrar                                                   # LoginStep.clicoNoBotaoEntrar()

    Entao sistem exibi a mensagem "Email é um campo obrigatório" na tela de Login" # LoginStep.sistemExibiAMensagemNaTelaDeLogin(String)



  @Login @SENHORBARRIGA003 @web

  Cenario: 0003 - Validar Obrigatóriedade do campo Senha na tela de Login          # src/test/resources/Features/SNF/Login.feature:29

    Dado que estou na pagina de Login do Senhor Barriga                            # LoginStep.queEstouLogadoNoSNFComUsuario()

    E estou executando o teste                                                     # ParametrosEvidenciaSteps.estouExecutandoOTeste(DataTable)

    E preencho somente o valor Email "h@h"                                         # LoginStep.preenchoSomenteValorEmail(String)

    Quando clico no Botao Entrar                                                   # LoginStep.clicoNoBotaoEntrar()

    Entao sistem exibi a mensagem "Senha é um campo obrigatório" na tela de Login" # LoginStep.sistemExibiAMensagemNaTelaDeLogin(String)



  @Login @SENHORBARRIGA004 @web

  Cenario: 0004 - Validar autenticacao sem preencher nenhum campo                                   # src/test/resources/Features/SNF/Login.feature:39

    Dado que estou na pagina de Login do Senhor Barriga                                             # LoginStep.queEstouLogadoNoSNFComUsuario()

    E estou executando o teste                                                                      # ParametrosEvidenciaSteps.estouExecutandoOTeste(DataTable)

    Quando clico no Botao Entrar                                                                    # LoginStep.clicoNoBotaoEntrar()

    Entao sistem exibi as mensagens "Email é um campo obrigatório" e "Senha é um campo obrigatório" # LoginStep.sistemExibiAsMensagensE(String,String)



@ResumoMensal

Funcionalidade: Resumo Mensal



  @ResumoMensal @SENHORBARRIGA017 @web

  Cenario: 0017 - Deletar Movimentacao na tela Resumo Mensal                                     # src/test/resources/Features/SNF/ResumoMensal.feature:9

    Dado que Logado na Pagina do Senhor Barriga                                                  # LoginStep.queLogadoNaPaginaDoSenhorBarriga()

    E estou executando o teste                                                                   # ParametrosEvidenciaSteps.estouExecutandoOTeste(DataTable)

    E acesso a pagina Adicionar Conta                                                            # CriarContaStep.acessoAPaginaAdicionarConta()

    E tenho uma conta já criada                                                                  # CriarContaStep.tenhoUmaContaJaCriada()

    E crio uma Movimentacao                                                                      # CriarMovimentacaoStep.crioUmaMovimentacao()

    Quando deleto uma movimentacao                                                               # ResumoMensalStep.deletarUmaMovimentacao()

    Entao sistem exibi a mensagen "Movimentação removida com sucesso!"  na tela de Resumo Mensal # ResumoMensalStep.validarMensagemTelaDeResumoMensal(String)

Passou por aqui
Definindo os parametros da evidencia . . .
Parâmetros de evidência ok
]]></system-out>
    <system-err><![CDATA[jan 05, 2021 10:07:13 AM org.openqa.selenium.remote.DesiredCapabilities chrome
INFORMAÇÕES: Using `new ChromeOptions()` is preferred to `DesiredCapabilities.chrome()`
jan 05, 2021 10:07:15 AM org.openqa.selenium.remote.ProtocolHandshake createSession
INFORMAÇÕES: Detected dialect: W3C
]]></system-err>
  </testcase>
</testsuite>